<?xml version="1.0" encoding="UTF-8"?>
<testsuites name="jest tests" tests="5" failures="0" errors="0" time="0.434">
  <testsuite name="undefined" errors="0" failures="0" skipped="0" timestamp="2025-11-06T07:24:53" time="0.332" tests="4">
    <testcase classname="scripts/calculator.test.js" name=" adds 1 + 2 to equal 3" time="0.003">
    </testcase>
    <testcase classname="scripts/calculator.test.js" name=" subtract 1 - 2 to equal -1" time="0">
    </testcase>
    <testcase classname="scripts/calculator.test.js" name=" divide 1 / 2 to equal 0.5" time="0">
    </testcase>
    <testcase classname="scripts/calculator.test.js" name=" multiply 4 * 5 to equal 20" time="0">
    </testcase>
  </testsuite>
  <testsuite name="undefined" errors="0" failures="0" skipped="0" timestamp="2025-11-06T07:24:53" time="0.043" tests="1">
    <testcase classname="scripts/sum.test.js" name=" adds 1 + 2 to equal 3" time="0">
    </testcase>
  </testsuite>
</testsuites>